<?xml version="1.0" encoding="UTF-8"?>
<!-- Generated by org.testng.reporters.JUnitXMLReporter -->
<testsuite hostname="DESKTOP-0LO9GIC" ignored="4" name="Default test" tests="8" failures="0" timestamp="11 Dec 2021 10:04:15 GMT" time="19.613" errors="0">
  <testcase name="@BeforeTest Browser_setup1S" time="19.466" classname="frameworkUtiliy.Browser_setup">
    <failure type="java.io.FileNotFoundException" message=".\Test_configuration\Config.properties (The system cannot find the path specified)">
      <![CDATA[java.io.FileNotFoundException: .\Test_configuration\Config.properties (The system cannot find the path specified)
	at java.io.FileInputStream.open0(Native Method)
	at java.io.FileInputStream.open(FileInputStream.java:195)
	at java.io.FileInputStream.<init>(FileInputStream.java:138)
	at java.io.FileInputStream.<init>(FileInputStream.java:93)
	at frameworkUtiliy.Utility_functions.Test_configuration(Utility_functions.java:14)
	at frameworkUtiliy.Browser_setup.Browser_setup1S(Browser_setup.java:16)
	at sun.reflect.NativeMethodAccessorImpl.invoke0(Native Method)
	at sun.reflect.NativeMethodAccessorImpl.invoke(NativeMethodAccessorImpl.java:62)
	at sun.reflect.DelegatingMethodAccessorImpl.invoke(DelegatingMethodAccessorImpl.java:43)
	at java.lang.reflect.Method.invoke(Method.java:498)
	at org.testng.internal.MethodInvocationHelper.invokeMethod(MethodInvocationHelper.java:108)
	at org.testng.internal.Invoker.invokeConfigurationMethod(Invoker.java:523)
	at org.testng.internal.Invoker.invokeConfigurations(Invoker.java:224)
	at org.testng.internal.Invoker.invokeConfigurations(Invoker.java:146)
	at org.testng.TestRunner.beforeRun(TestRunner.java:626)
	at org.testng.TestRunner.run(TestRunner.java:594)
	at org.testng.SuiteRunner.runTest(SuiteRunner.java:380)
	at org.testng.SuiteRunner.runSequentially(SuiteRunner.java:375)
	at org.testng.SuiteRunner.privateRun(SuiteRunner.java:340)
	at org.testng.SuiteRunner.run(SuiteRunner.java:289)
	at org.testng.SuiteRunnerWorker.runSuite(SuiteRunnerWorker.java:52)
	at org.testng.SuiteRunnerWorker.run(SuiteRunnerWorker.java:86)
	at org.testng.TestNG.runSuitesSequentially(TestNG.java:1301)
	at org.testng.TestNG.runSuitesLocally(TestNG.java:1226)
	at org.testng.TestNG.runSuites(TestNG.java:1144)
	at org.testng.TestNG.run(TestNG.java:1115)
	at org.testng.remote.AbstractRemoteTestNG.run(AbstractRemoteTestNG.java:114)
	at org.testng.remote.RemoteTestNG.initAndRun(RemoteTestNG.java:251)
	at org.testng.remote.RemoteTestNG.main(RemoteTestNG.java:77)
]]>
    </failure>
  </testcase> <!-- @BeforeTest Browser_setup1S -->
  <testcase name="@AfterTest Browser_teardown" time="0.0" classname="frameworkUtiliy.Browser_setup">
    <skipped/>
  </testcase> <!-- @AfterTest Browser_teardown -->
  <testcase name="Select_imp" time="0.0" classname="testcasetest.Select_implimentating">
    <skipped/>
  </testcase> <!-- Select_imp -->
  <testcase name="Tc01_Reg" time="0.0" classname="testcasetest.Register_dws">
    <skipped/>
  </testcase> <!-- Tc01_Reg -->
  <testcase name="Tc01_Reg" time="0.0" classname="testcasetest.Register_dws">
    <skipped/>
  </testcase> <!-- Tc01_Reg -->
  <testcase name="Tc02_login" time="0.0" classname="testcasetest.Login_addtocartTestcase_DWS">
    <skipped/>
  </testcase> <!-- Tc02_login -->
  <testcase name="Tc02_login" time="0.0" classname="testcasetest.Login_addtocartTestcase_DWS">
    <skipped/>
  </testcase> <!-- Tc02_login -->
  <testcase name="Tc02_login" time="0.0" classname="testcasetest.Login_addtocartTestcase_DWS">
    <skipped/>
  </testcase> <!-- Tc02_login -->
  <testcase name="Tc02_login" time="0.0" classname="testcasetest.Login_addtocartTestcase_DWS">
    <skipped/>
  </testcase> <!-- Tc02_login -->
  <testcase name="Tc02_login" time="0.0" classname="testcasetest.Login_addtocartTestcase_DWS">
    <skipped/>
  </testcase> <!-- Tc02_login -->
  <testcase name="@AfterTest Browser_teardown" time="0.0" classname="frameworkUtiliy.Browser_setup">
    <ignored/>
  </testcase> <!-- @AfterTest Browser_teardown -->
  <testcase name="@AfterTest Browser_teardown" time="0.0" classname="frameworkUtiliy.Browser_setup">
    <ignored/>
  </testcase> <!-- @AfterTest Browser_teardown -->
  <testcase name="@BeforeTest Browser_setup1S" time="0.0" classname="frameworkUtiliy.Browser_setup">
    <ignored/>
  </testcase> <!-- @BeforeTest Browser_setup1S -->
  <testcase name="@BeforeTest Browser_setup1S" time="0.0" classname="frameworkUtiliy.Browser_setup">
    <ignored/>
  </testcase> <!-- @BeforeTest Browser_setup1S -->
</testsuite> <!-- Default test -->
